#
# A fatal error has been detected by the Java Runtime Environment:
#
#  SIGSEGV (0xb) at pc=0x000000011c291ce9, pid=7905, tid=11267
#
# JRE version: Java(TM) SE Runtime Environment (8.0_40-b27) (build 1.8.0_40-b27)
# Java VM: Java HotSpot(TM) 64-Bit Server VM (25.40-b25 mixed mode bsd-amd64 compressed oops)
# Problematic frame:
# C  [libswt-cocoa-4430.jnilib+0x25ce9]  callback+0x297
#
# Failed to write core dump. Core dumps have been disabled. To enable core dumping, try "ulimit -c unlimited" before starting Java again
#
# If you would like to submit a bug report, please visit:
#   http://bugreport.java.com/bugreport/crash.jsp
#

---------------  T H R E A D  ---------------

Current thread (0x00007feb19025000):  VMThread [stack: 0x0000700000526000,0x0000700000626000] [id=11267]

siginfo: si_signo: 11 (SIGSEGV), si_code: 1 (SEGV_MAPERR), si_addr: 0x0000000000000078

Registers:
RAX=0x0000000000000000, RBX=0x00007feb18e65af0, RCX=0x0000700000625764, RDX=0x0000000000000001
RSP=0x0000700000625790, RBP=0x00007000006258c0, RSI=0x0000000000000000, RDI=0x0000000000000000
R8 =0x0000000000000001, R9 =0x00007feb18f720f0, R10=0x00007feb1a501080, R11=0x00007feb18e22d70
R12=0x00007fff8893dd40, R13=0x00007fff8893dd40, R14=0x0000000000000000, R15=0x0000000000000000
RIP=0x000000011c291ce9, EFLAGS=0x0000000000010202, ERR=0x0000000000000004
  TRAPNO=0x000000000000000e

Top of Stack: (sp=0x0000700000625790)
0x0000700000625790:   000000011c291adb 00007fff787fc2e0
0x00007000006257a0:   00007fff787fc2d8 0000000079f222b0
0x00007000006257b0:   00007fff8dfdb4b9 00007fff8d72f693
0x00007000006257c0:   0000000000000000 00007feb190251f8
0x00007000006257d0:   00007feb18d0f108 00007feb18c27dc8
0x00007000006257e0:   0000000200010000 0000000000000000
0x00007000006257f0:   0000700000625850 00007fff00000000
0x0000700000625800:   00007feb18ffc080 00007feb18f5f530
0x0000700000625810:   00007fff7a5f3860 00007feb18c555b0
0x0000700000625820:   00007fff8dfdcea5 0000000000000000
0x0000700000625830:   0000000000000001 00007feb18f720f0
0x0000700000625840:   0000000000000000 00000000000000e0
0x0000700000625850:   0000700000625920 00007fff8893de11
0x0000700000625860:   00007feb18f720f0 0000000000000001
0x0000700000625870:   0000000000000000 0000000000000000
0x0000700000625880:   00007fff8dfdb4b9 00007feb18e65af0
0x0000700000625890:   00007feb1b305380 00007fff7c945340
0x00007000006258a0:   0000000000000000 0000000000000000
0x00007000006258b0:   0000000000000000 0000000000000000
0x00007000006258c0:   00007000006258e0 000000011c27025e
0x00007000006258d0:   00007fff8dfdcea5 00007feb18c555b0
0x00007000006258e0:   0000700000625920 00007fff8d72f709
0x00007000006258f0:   0000000000000000 0000000000000000
0x0000700000625900:   0000700000625990 00000000000000f8
0x0000700000625910:   0000000000000000 00000000000000e0
0x0000700000625920:   0000700000625960 00007fff8d8a2fb0
0x0000700000625930:   0000000000000000 00007feb18e65af0
0x0000700000625940:   00000000000000f8 00007fff8893dd40
0x0000700000625950:   0000000000000000 00007fff788ba300
0x0000700000625960:   00007000006259e0 00007fff8d8a2d7f
0x0000700000625970:   0000000000000000 0000000000000000
0x0000700000625980:   0000000000000000 0000000000000000 

Instructions: (pc=0x000000011c291ce9)
0x000000011c291cc9:   ff ff 01 00 00 00 48 8b 85 08 ff ff ff 48 85 c0
0x000000011c291cd9:   0f 84 9f 03 00 00 48 8b 85 08 ff ff ff 48 8b 00
0x000000011c291ce9:   48 8b 40 78 48 8b bd 08 ff ff ff ff d0 48 89 85
0x000000011c291cf9:   30 ff ff ff 48 83 bd 30 ff ff ff 00 74 26 48 8b 

Register to memory mapping:

RAX=0x0000000000000000 is an unknown value
RBX=0x00007feb18e65af0 is an unknown value
RCX=0x0000700000625764 is an unknown value
RDX=0x0000000000000001 is an unknown value
RSP=0x0000700000625790 is an unknown value
RBP=0x00007000006258c0 is an unknown value
RSI=0x0000000000000000 is an unknown value
RDI=0x0000000000000000 is an unknown value
R8 =0x0000000000000001 is an unknown value
R9 =0x00007feb18f720f0 is an unknown value
R10=0x00007feb1a501080 is an unknown value
R11=0x00007feb18e22d70 is an unknown value
R12=0x00007fff8893dd40: objc_msgSend+0 in /usr/lib/libobjc.A.dylib at 0x00007fff88937000
R13=0x00007fff8893dd40: objc_msgSend+0 in /usr/lib/libobjc.A.dylib at 0x00007fff88937000
R14=0x0000000000000000 is an unknown value
R15=0x0000000000000000 is an unknown value


Stack: [0x0000700000526000,0x0000700000626000],  sp=0x0000700000625790,  free space=1021k
Native frames: (J=compiled Java code, j=interpreted, Vv=VM code, C=native code)
C  [libswt-cocoa-4430.jnilib+0x25ce9]  callback+0x297
C  [libswt-cocoa-4430.jnilib+0x425e]  fn0_2+0x27
C  [AppKit+0x18b709]  -[NSWindow orderWindow:relativeTo:]+0x76
C  [AppKit+0x2fefb0]  __18-[NSWindow _close]_block_invoke+0x1eb
C  [AppKit+0x2fed7f]  -[NSWindow _close]+0x176
C  [FinderKit+0xa5b7b]  -[FI_TFloatingInputWindowController dealloc]+0x3b
C  [libobjc.A.dylib+0xeb18]  objc_object::sidetable_release(bool)+0xf2
C  [AppKit+0x599e8]  -[NSWindowController release]+0x9a
C  [FinderKit+0xa641a]  TRef<FI_TFloatingInputWindowController*, OBJCRetainReleasePolicy<FI_TFloatingInputWindowController*> >::~TRef()+0xc
C  [libsystem_c.dylib+0x5f0ff]  __cxa_finalize_ranges+0x159
C  [libsystem_c.dylib+0x5f403]  exit+0x37
V  [libjvm.dylib+0x2deb92]  vm_exit(int)+0x0
V  [libjvm.dylib+0x595f7d]  VM_Operation::evaluate()+0x4f
V  [libjvm.dylib+0x5945e9]  VMThread::evaluate_operation(VM_Operation*)+0xdf
V  [libjvm.dylib+0x594a36]  VMThread::loop()+0x328
V  [libjvm.dylib+0x594355]  VMThread::run()+0x79
V  [libjvm.dylib+0x46ea8e]  java_start(Thread*)+0xf6
C  [libsystem_pthread.dylib+0x39b1]  _pthread_body+0x83
C  [libsystem_pthread.dylib+0x392e]  _pthread_body+0x0
C  [libsystem_pthread.dylib+0x1385]  thread_start+0xd

VM_Operation (0x0000700001046658): Exit, mode: safepoint, requested by thread 0x00007feb192d8000


---------------  P R O C E S S  ---------------

Java Threads: ( => current thread )
  0x00007feb192d8000 JavaThread "SIGTERM handler" daemon [_thread_blocked, id=71247, stack(0x0000700000f47000,0x0000700001047000)]
  0x00007feb19010800 JavaThread "DestroyJavaVM" [_thread_blocked, id=2571, stack(0x00007fff5c47b000,0x00007fff5cc7b000)]
  0x00007feb1a1b0800 JavaThread "pool-1-thread-1" [_thread_blocked, id=55559, stack(0x0000700001153000,0x0000700001253000)]
  0x00007feb19801000 JavaThread "Service Thread" daemon [_thread_blocked, id=17923, stack(0x0000700000d41000,0x0000700000e41000)]
  0x00007feb1a031800 JavaThread "C1 CompilerThread2" daemon [_thread_blocked, id=17411, stack(0x0000700000c3e000,0x0000700000d3e000)]
  0x00007feb1a031000 JavaThread "C2 CompilerThread1" daemon [_thread_blocked, id=16899, stack(0x0000700000b3b000,0x0000700000c3b000)]
  0x00007feb1a02c000 JavaThread "C2 CompilerThread0" daemon [_thread_blocked, id=16387, stack(0x0000700000a38000,0x0000700000b38000)]
  0x00007feb1a001000 JavaThread "Signal Dispatcher" daemon [_thread_blocked, id=12815, stack(0x0000700000935000,0x0000700000a35000)]
  0x00007feb19028000 JavaThread "Finalizer" daemon [_thread_blocked, id=12291, stack(0x000070000072c000,0x000070000082c000)]
  0x00007feb19027800 JavaThread "Reference Handler" daemon [_thread_blocked, id=11779, stack(0x0000700000629000,0x0000700000729000)]

Other Threads:
=>0x00007feb19025000 VMThread [stack: 0x0000700000526000,0x0000700000626000] [id=11267]

VM state:at safepoint (shutting down)

VM Mutex/Monitor currently owned by a thread:  ([mutex/lock_event])
[0x00007feb18d025e0] Threads_lock - owner thread: 0x00007feb19025000

Heap:
 PSYoungGen      total 38400K, used 34784K [0x0000000795580000, 0x0000000798000000, 0x00000007c0000000)
  eden space 33280K, 95% used [0x0000000795580000,0x00000007974a9ba8,0x0000000797600000)
  from space 5120K, 56% used [0x0000000797600000,0x00000007978ce640,0x0000000797b00000)
  to   space 5120K, 0% used [0x0000000797b00000,0x0000000797b00000,0x0000000798000000)
 ParOldGen       total 87552K, used 8K [0x0000000740000000, 0x0000000745580000, 0x0000000795580000)
  object space 87552K, 0% used [0x0000000740000000,0x0000000740002000,0x0000000745580000)
 Metaspace       used 7410K, capacity 7542K, committed 7808K, reserved 1056768K
  class space    used 813K, capacity 857K, committed 896K, reserved 1048576K

Card table byte_map: [0x0000000113dc0000,0x00000001141c1000] byte_map_base: 0x00000001103c0000

Marking Bits: (ParMarkBitMap*) 0x0000000103ac37a0
 Begin Bits: [0x000000011446c000, 0x000000011646c000)
 End Bits:   [0x000000011646c000, 0x000000011846c000)

Polling page: 0x00000001041b2000

CodeCache: size=245760Kb used=2790Kb max_used=2790Kb free=242969Kb
 bounds [0x0000000104a00000, 0x0000000104cc0000, 0x0000000113a00000]
 total_blobs=1041 nmethods=646 adapters=309
 compilation: enabled

Compilation events (10 events):
Event: 9.684 Thread 0x00007feb1a031800  644       3       java.lang.StringBuilder::append (8 bytes)
Event: 9.684 Thread 0x00007feb1a031800 nmethod 644 0x0000000104cb9a10 code [0x0000000104cb9b80, 0x0000000104cb9d08]
Event: 9.684 Thread 0x00007feb1a031800  645       3       java.lang.String::valueOf (14 bytes)
Event: 9.684 Thread 0x00007feb1a031800 nmethod 645 0x0000000104cb9d90 code [0x0000000104cb9f00, 0x0000000104cba148]
Event: 9.684 Thread 0x00007feb1a031800  646       3       java.nio.ByteBuffer::array (35 bytes)
Event: 9.684 Thread 0x00007feb1a031800 nmethod 646 0x0000000104cba210 code [0x0000000104cba3a0, 0x0000000104cba658]
Event: 9.684 Thread 0x00007feb1a031800  647       3       java.nio.charset.CoderResult::isUnderflow (13 bytes)
Event: 9.684 Thread 0x00007feb1a031800 nmethod 647 0x0000000104cba790 code [0x0000000104cba900, 0x0000000104cbaab0]
Event: 9.685 Thread 0x00007feb1a031800  648       1       sun.nio.cs.StreamEncoder::isOpen (5 bytes)
Event: 9.685 Thread 0x00007feb1a031800 nmethod 648 0x0000000104cbab10 code [0x0000000104cbac60, 0x0000000104cbad70]

GC Heap History (2 events):
Event: 4.020 GC heap before
{Heap before GC invocations=1 (full 0):
 PSYoungGen      total 38400K, used 33280K [0x0000000795580000, 0x0000000798000000, 0x00000007c0000000)
  eden space 33280K, 100% used [0x0000000795580000,0x0000000797600000,0x0000000797600000)
  from space 5120K, 0% used [0x0000000797b00000,0x0000000797b00000,0x0000000798000000)
  to   space 5120K, 0% used [0x0000000797600000,0x0000000797600000,0x0000000797b00000)
 ParOldGen       total 87552K, used 0K [0x0000000740000000, 0x0000000745580000, 0x0000000795580000)
  object space 87552K, 0% used [0x0000000740000000,0x0000000740000000,0x0000000745580000)
 Metaspace       used 7258K, capacity 7382K, committed 7552K, reserved 1056768K
  class space    used 791K, capacity 825K, committed 896K, reserved 1048576K
Event: 4.024 GC heap after
Heap after GC invocations=1 (full 0):
 PSYoungGen      total 38400K, used 2873K [0x0000000795580000, 0x0000000798000000, 0x00000007c0000000)
  eden space 33280K, 0% used [0x0000000795580000,0x0000000795580000,0x0000000797600000)
  from space 5120K, 56% used [0x0000000797600000,0x00000007978ce640,0x0000000797b00000)
  to   space 5120K, 0% used [0x0000000797b00000,0x0000000797b00000,0x0000000798000000)
 ParOldGen       total 87552K, used 8K [0x0000000740000000, 0x0000000745580000, 0x0000000795580000)
  object space 87552K, 0% used [0x0000000740000000,0x0000000740002000,0x0000000745580000)
 Metaspace       used 7258K, capacity 7382K, committed 7552K, reserved 1056768K
  class space    used 791K, capacity 825K, committed 896K, reserved 1048576K
}

Deoptimization events (0 events):
No events

Internal exceptions (2 events):
Event: 0.043 Thread 0x00007feb19010800 Exception <a 'java/lang/NoSuchMethodError': Method sun.misc.Unsafe.defineClass(Ljava/lang/String;[BII)Ljava/lang/Class; name or signature does not match> (0x0000000795592c10) thrown at [/Users/java_re/workspace/8-2-build-macosx-x86_64/jdk8u40/3153/hotspot
Event: 0.043 Thread 0x00007feb19010800 Exception <a 'java/lang/NoSuchMethodError': Method sun.misc.Unsafe.prefetchRead(Ljava/lang/Object;J)V name or signature does not match> (0x0000000795592ea0) thrown at [/Users/java_re/workspace/8-2-build-macosx-x86_64/jdk8u40/3153/hotspot/src/share/vm/prim

Events (10 events):
Event: 13.575 loading class sun/misc/Signal$1
Event: 13.575 loading class sun/misc/Signal$1 done
Event: 13.575 Thread 0x00007feb192d8000 Thread added: 0x00007feb192d8000
Event: 13.575 loading class java/util/IdentityHashMap$KeyIterator
Event: 13.576 loading class java/util/IdentityHashMap$IdentityHashMapIterator
Event: 13.576 loading class java/util/IdentityHashMap$IdentityHashMapIterator done
Event: 13.576 loading class java/util/IdentityHashMap$KeyIterator done
Event: 13.576 Thread 0x00007feb1a88c000 Thread added: 0x00007feb1a88c000
Event: 13.576 Thread 0x00007feb1a88c000 Thread exited: 0x00007feb1a88c000
Event: 13.576 Executing VM operation: Exit


Dynamic libraries:
0x00000000087aa000 	/System/Library/Frameworks/Cocoa.framework/Versions/A/Cocoa
0x00000000087aa000 	/System/Library/Frameworks/Security.framework/Versions/A/Security
0x00000000087aa000 	/System/Library/Frameworks/ApplicationServices.framework/Versions/A/ApplicationServices
0x00000000087aa000 	/usr/lib/libz.1.dylib
0x00000000087aa000 	/usr/lib/libSystem.B.dylib
0x00000000087aa000 	/usr/lib/libobjc.A.dylib
0x00000000087aa000 	/System/Library/Frameworks/CoreFoundation.framework/Versions/A/CoreFoundation
0x00000000087aa000 	/System/Library/Frameworks/Foundation.framework/Versions/C/Foundation
0x00000000087aa000 	/System/Library/Frameworks/AppKit.framework/Versions/C/AppKit
0x00000000087aa000 	/System/Library/Frameworks/CoreData.framework/Versions/A/CoreData
0x00000000087aa000 	/System/Library/PrivateFrameworks/RemoteViewServices.framework/Versions/A/RemoteViewServices
0x00000000087aa000 	/System/Library/PrivateFrameworks/UIFoundation.framework/Versions/A/UIFoundation
0x00000000087aa000 	/usr/lib/libScreenReader.dylib
0x00000000087aa000 	/System/Library/Frameworks/Accelerate.framework/Versions/A/Accelerate
0x00000000087aa000 	/System/Library/Frameworks/IOSurface.framework/Versions/A/IOSurface
0x00000000087aa000 	/System/Library/Frameworks/AudioToolbox.framework/Versions/A/AudioToolbox
0x00000000087aa000 	/System/Library/Frameworks/AudioUnit.framework/Versions/A/AudioUnit
0x00000000087aa000 	/System/Library/PrivateFrameworks/DataDetectorsCore.framework/Versions/A/DataDetectorsCore
0x00000000087aa000 	/System/Library/PrivateFrameworks/DesktopServicesPriv.framework/Versions/A/DesktopServicesPriv
0x00000000087aa000 	/System/Library/Frameworks/Carbon.framework/Versions/A/Frameworks/HIToolbox.framework/Versions/A/HIToolbox
0x00000000087aa000 	/System/Library/Frameworks/QuartzCore.framework/Versions/A/QuartzCore
0x00000000087aa000 	/System/Library/Frameworks/Carbon.framework/Versions/A/Frameworks/SpeechRecognition.framework/Versions/A/SpeechRecognition
0x00000000087aa000 	/usr/lib/libauto.dylib
0x00000000087aa000 	/usr/lib/libicucore.A.dylib
0x00000000087aa000 	/usr/lib/libxml2.2.dylib
0x00000000087aa000 	/System/Library/PrivateFrameworks/CoreUI.framework/Versions/A/CoreUI
0x00000000087aa000 	/System/Library/Frameworks/CoreAudio.framework/Versions/A/CoreAudio
0x00000000087aa000 	/System/Library/Frameworks/DiskArbitration.framework/Versions/A/DiskArbitration
0x00000000087aa000 	/usr/lib/liblangid.dylib
0x00000000087aa000 	/System/Library/PrivateFrameworks/MultitouchSupport.framework/Versions/A/MultitouchSupport
0x00000000087aa000 	/System/Library/Frameworks/IOKit.framework/Versions/A/IOKit
0x00000000087aa000 	/usr/lib/libDiagnosticMessagesClient.dylib
0x00000000087aa000 	/System/Library/Frameworks/CoreServices.framework/Versions/A/CoreServices
0x00000000087aa000 	/System/Library/PrivateFrameworks/PerformanceAnalysis.framework/Versions/A/PerformanceAnalysis
0x00000000087aa000 	/System/Library/PrivateFrameworks/GenerationalStorage.framework/Versions/A/GenerationalStorage
0x00000000087aa000 	/System/Library/Frameworks/OpenGL.framework/Versions/A/OpenGL
0x00000000087aa000 	/System/Library/PrivateFrameworks/Sharing.framework/Versions/A/Sharing
0x00000000087aa000 	/System/Library/Frameworks/CoreGraphics.framework/Versions/A/CoreGraphics
0x00000000087aa000 	/System/Library/Frameworks/CoreImage.framework/Versions/A/CoreImage
0x00000000087aa000 	/System/Library/Frameworks/CoreText.framework/Versions/A/CoreText
0x00000000087aa000 	/System/Library/Frameworks/ImageIO.framework/Versions/A/ImageIO
0x00000000087aa000 	/System/Library/PrivateFrameworks/Backup.framework/Versions/A/Backup
0x00000000087aa000 	/usr/lib/libextension.dylib
0x00000000087aa000 	/usr/lib/libarchive.2.dylib
0x00000000087aa000 	/System/Library/Frameworks/CFNetwork.framework/Versions/A/CFNetwork
0x00000000087aa000 	/System/Library/Frameworks/SystemConfiguration.framework/Versions/A/SystemConfiguration
0x00000000087aa000 	/usr/lib/libCRFSuite.dylib
0x00000000087aa000 	/usr/lib/libc++.1.dylib
0x00000000087aa000 	/usr/lib/libc++abi.dylib
0x00000000087aa000 	/usr/lib/system/libcache.dylib
0x00000000087aa000 	/usr/lib/system/libcommonCrypto.dylib
0x00000000087aa000 	/usr/lib/system/libcompiler_rt.dylib
0x00000000087aa000 	/usr/lib/system/libcopyfile.dylib
0x00000000087aa000 	/usr/lib/system/libcorecrypto.dylib
0x00000000087aa000 	/usr/lib/system/libdispatch.dylib
0x00000000087aa000 	/usr/lib/system/libdyld.dylib
0x00000000087aa000 	/usr/lib/system/libkeymgr.dylib
0x00000000087aa000 	/usr/lib/system/liblaunch.dylib
0x00000000087aa000 	/usr/lib/system/libmacho.dylib
0x00000000087aa000 	/usr/lib/system/libquarantine.dylib
0x00000000087aa000 	/usr/lib/system/libremovefile.dylib
0x00000000087aa000 	/usr/lib/system/libsystem_asl.dylib
0x00000000087aa000 	/usr/lib/system/libsystem_blocks.dylib
0x00000000087aa000 	/usr/lib/system/libsystem_c.dylib
0x00000000087aa000 	/usr/lib/system/libsystem_configuration.dylib
0x00000000087aa000 	/usr/lib/system/libsystem_coreservices.dylib
0x00000000087aa000 	/usr/lib/system/libsystem_coretls.dylib
0x00000000087aa000 	/usr/lib/system/libsystem_dnssd.dylib
0x00000000087aa000 	/usr/lib/system/libsystem_info.dylib
0x00000000087aa000 	/usr/lib/system/libsystem_kernel.dylib
0x00000000087aa000 	/usr/lib/system/libsystem_m.dylib
0x00000000087aa000 	/usr/lib/system/libsystem_malloc.dylib
0x00000000087aa000 	/usr/lib/system/libsystem_network.dylib
0x00000000087aa000 	/usr/lib/system/libsystem_networkextension.dylib
0x00000000087aa000 	/usr/lib/system/libsystem_notify.dylib
0x00000000087aa000 	/usr/lib/system/libsystem_platform.dylib
0x00000000087aa000 	/usr/lib/system/libsystem_pthread.dylib
0x00000000087aa000 	/usr/lib/system/libsystem_sandbox.dylib
0x00000000087aa000 	/usr/lib/system/libsystem_secinit.dylib
0x00000000087aa000 	/usr/lib/system/libsystem_trace.dylib
0x00000000087aa000 	/usr/lib/system/libunc.dylib
0x00000000087aa000 	/usr/lib/system/libunwind.dylib
0x00000000087aa000 	/usr/lib/system/libxpc.dylib
0x00000000087aa000 	/usr/lib/libenergytrace.dylib
0x00000000087aa000 	/usr/lib/libbsm.0.dylib
0x00000000087aa000 	/usr/lib/system/libkxld.dylib
0x00000000087aa000 	/usr/lib/libxar.1.dylib
0x00000000087aa000 	/usr/lib/libsqlite3.dylib
0x00000000087aa000 	/usr/lib/libpam.2.dylib
0x00000000087aa000 	/usr/lib/libOpenScriptingUtil.dylib
0x00000000087aa000 	/usr/lib/libbz2.1.0.dylib
0x00000000087aa000 	/usr/lib/liblzma.5.dylib
0x00000000087aa000 	/System/Library/Frameworks/CoreServices.framework/Versions/A/Frameworks/FSEvents.framework/Versions/A/FSEvents
0x00000000087aa000 	/System/Library/Frameworks/CoreServices.framework/Versions/A/Frameworks/CarbonCore.framework/Versions/A/CarbonCore
0x00000000087aa000 	/System/Library/Frameworks/CoreServices.framework/Versions/A/Frameworks/Metadata.framework/Versions/A/Metadata
0x00000000087aa000 	/System/Library/Frameworks/CoreServices.framework/Versions/A/Frameworks/OSServices.framework/Versions/A/OSServices
0x00000000087aa000 	/System/Library/Frameworks/CoreServices.framework/Versions/A/Frameworks/SearchKit.framework/Versions/A/SearchKit
0x00000000087aa000 	/System/Library/Frameworks/CoreServices.framework/Versions/A/Frameworks/AE.framework/Versions/A/AE
0x00000000087aa000 	/System/Library/Frameworks/CoreServices.framework/Versions/A/Frameworks/LaunchServices.framework/Versions/A/LaunchServices
0x00000000087aa000 	/System/Library/Frameworks/CoreServices.framework/Versions/A/Frameworks/DictionaryServices.framework/Versions/A/DictionaryServices
0x00000000087aa000 	/System/Library/Frameworks/CoreServices.framework/Versions/A/Frameworks/SharedFileList.framework/Versions/A/SharedFileList
0x00000000087aa000 	/System/Library/Frameworks/NetFS.framework/Versions/A/NetFS
0x00000000087aa000 	/System/Library/PrivateFrameworks/NetAuth.framework/Versions/A/NetAuth
0x00000000087aa000 	/System/Library/PrivateFrameworks/login.framework/Versions/A/Frameworks/loginsupport.framework/Versions/A/loginsupport
0x00000000087aa000 	/System/Library/PrivateFrameworks/TCC.framework/Versions/A/TCC
0x00000000087aa000 	/usr/lib/libmecabra.dylib
0x00000000087aa000 	/System/Library/Frameworks/ApplicationServices.framework/Versions/A/Frameworks/ATS.framework/Versions/A/ATS
0x00000000087aa000 	/System/Library/Frameworks/ApplicationServices.framework/Versions/A/Frameworks/ColorSync.framework/Versions/A/ColorSync
0x00000000087aa000 	/System/Library/Frameworks/ApplicationServices.framework/Versions/A/Frameworks/HIServices.framework/Versions/A/HIServices
0x00000000087aa000 	/System/Library/Frameworks/ApplicationServices.framework/Versions/A/Frameworks/LangAnalysis.framework/Versions/A/LangAnalysis
0x00000000087aa000 	/System/Library/Frameworks/ApplicationServices.framework/Versions/A/Frameworks/PrintCore.framework/Versions/A/PrintCore
0x00000000087aa000 	/System/Library/Frameworks/ApplicationServices.framework/Versions/A/Frameworks/QD.framework/Versions/A/QD
0x00000000087aa000 	/System/Library/Frameworks/ApplicationServices.framework/Versions/A/Frameworks/SpeechSynthesis.framework/Versions/A/SpeechSynthesis
0x00000000087aa000 	/System/Library/Frameworks/Metal.framework/Versions/A/Metal
0x00000000087aa000 	/System/Library/Frameworks/Accelerate.framework/Versions/A/Frameworks/vImage.framework/Versions/A/vImage
0x00000000087aa000 	/System/Library/Frameworks/Accelerate.framework/Versions/A/Frameworks/vecLib.framework/Versions/A/vecLib
0x00000000087aa000 	/System/Library/Frameworks/Accelerate.framework/Versions/A/Frameworks/vecLib.framework/Versions/A/libvDSP.dylib
0x00000000087aa000 	/System/Library/Frameworks/Accelerate.framework/Versions/A/Frameworks/vecLib.framework/Versions/A/libvMisc.dylib
0x00000000087aa000 	/System/Library/Frameworks/Accelerate.framework/Versions/A/Frameworks/vecLib.framework/Versions/A/libLAPACK.dylib
0x00000000087aa000 	/System/Library/Frameworks/Accelerate.framework/Versions/A/Frameworks/vecLib.framework/Versions/A/libBLAS.dylib
0x00000000087aa000 	/System/Library/Frameworks/Accelerate.framework/Versions/A/Frameworks/vecLib.framework/Versions/A/libLinearAlgebra.dylib
0x00000000087aa000 	/System/Library/Frameworks/Accelerate.framework/Versions/A/Frameworks/vecLib.framework/Versions/A/libSparseBLAS.dylib
0x00000000087aa000 	/System/Library/PrivateFrameworks/GPUCompiler.framework/libmetal_timestamp.dylib
0x00000000087aa000 	/System/Library/Frameworks/OpenGL.framework/Versions/A/Libraries/libCoreFSCache.dylib
0x00000000087aa000 	/System/Library/PrivateFrameworks/IOAccelerator.framework/Versions/A/IOAccelerator
0x00000000087aa000 	/System/Library/Frameworks/ApplicationServices.framework/Versions/A/Frameworks/ATS.framework/Versions/A/Resources/libFontParser.dylib
0x00000000087aa000 	/System/Library/Frameworks/ApplicationServices.framework/Versions/A/Frameworks/ATS.framework/Versions/A/Resources/libFontRegistry.dylib
0x00000000087aa000 	/System/Library/PrivateFrameworks/AppleVPA.framework/Versions/A/AppleVPA
0x00000000087aa000 	/System/Library/PrivateFrameworks/AppleJPEG.framework/Versions/A/AppleJPEG
0x00000000087aa000 	/System/Library/Frameworks/ImageIO.framework/Versions/A/Resources/libJPEG.dylib
0x00000000087aa000 	/System/Library/Frameworks/ImageIO.framework/Versions/A/Resources/libTIFF.dylib
0x00000000087aa000 	/System/Library/Frameworks/ImageIO.framework/Versions/A/Resources/libPng.dylib
0x00000000087aa000 	/System/Library/Frameworks/ImageIO.framework/Versions/A/Resources/libGIF.dylib
0x00000000087aa000 	/System/Library/Frameworks/ImageIO.framework/Versions/A/Resources/libJP2.dylib
0x00000000087aa000 	/System/Library/Frameworks/ImageIO.framework/Versions/A/Resources/libRadiance.dylib
0x00000000087aa000 	/System/Library/Frameworks/CoreVideo.framework/Versions/A/CoreVideo
0x00000000087aa000 	/System/Library/Frameworks/OpenGL.framework/Versions/A/Libraries/libGLU.dylib
0x00000000087aa000 	/System/Library/Frameworks/OpenGL.framework/Versions/A/Libraries/libGFXShared.dylib
0x00000000087aa000 	/System/Library/Frameworks/OpenGL.framework/Versions/A/Libraries/libGL.dylib
0x00000000087aa000 	/System/Library/Frameworks/OpenGL.framework/Versions/A/Libraries/libGLImage.dylib
0x00000000087aa000 	/System/Library/Frameworks/OpenGL.framework/Versions/A/Libraries/libCVMSPluginSupport.dylib
0x00000000087aa000 	/System/Library/Frameworks/OpenGL.framework/Versions/A/Libraries/libCoreVMClient.dylib
0x00000000087aa000 	/usr/lib/libcups.2.dylib
0x00000000087aa000 	/System/Library/Frameworks/Kerberos.framework/Versions/A/Kerberos
0x00000000087aa000 	/System/Library/Frameworks/GSS.framework/Versions/A/GSS
0x00000000087aa000 	/usr/lib/libresolv.9.dylib
0x00000000087aa000 	/usr/lib/libiconv.2.dylib
0x00000000087aa000 	/System/Library/PrivateFrameworks/Heimdal.framework/Versions/A/Heimdal
0x00000000087aa000 	/usr/lib/libheimdal-asn1.dylib
0x00000000087aa000 	/System/Library/Frameworks/OpenDirectory.framework/Versions/A/OpenDirectory
0x00000000087aa000 	/System/Library/PrivateFrameworks/CommonAuth.framework/Versions/A/CommonAuth
0x00000000087aa000 	/System/Library/Frameworks/OpenDirectory.framework/Versions/A/Frameworks/CFOpenDirectory.framework/Versions/A/CFOpenDirectory
0x00000000087aa000 	/System/Library/Frameworks/SecurityFoundation.framework/Versions/A/SecurityFoundation
0x00000000087aa000 	/System/Library/PrivateFrameworks/LanguageModeling.framework/Versions/A/LanguageModeling
0x00000000087aa000 	/usr/lib/libmarisa.dylib
0x00000000087aa000 	/usr/lib/libChineseTokenizer.dylib
0x00000000087aa000 	/usr/lib/libcmph.dylib
0x00000000087aa000 	/usr/lib/libcompression.dylib
0x00000000087aa000 	/System/Library/Frameworks/ServiceManagement.framework/Versions/A/ServiceManagement
0x00000000087aa000 	/usr/lib/libxslt.1.dylib
0x00000000087aa000 	/System/Library/Frameworks/Carbon.framework/Versions/A/Frameworks/Ink.framework/Versions/A/Ink
0x00000000087aa000 	/usr/lib/libFosl_dynamic.dylib
0x00000000087aa000 	/System/Library/PrivateFrameworks/FaceCore.framework/Versions/A/FaceCore
0x00000000087aa000 	/System/Library/Frameworks/OpenCL.framework/Versions/A/OpenCL
0x00000000087aa000 	/System/Library/PrivateFrameworks/CrashReporterSupport.framework/Versions/A/CrashReporterSupport
0x00000000087aa000 	/System/Library/PrivateFrameworks/IconServices.framework/Versions/A/IconServices
0x00000000087aa000 	/System/Library/PrivateFrameworks/Apple80211.framework/Versions/A/Apple80211
0x00000000087aa000 	/System/Library/Frameworks/CoreWLAN.framework/Versions/A/CoreWLAN
0x00000000087aa000 	/System/Library/Frameworks/IOBluetooth.framework/Versions/A/IOBluetooth
0x00000000087aa000 	/System/Library/PrivateFrameworks/CoreWiFi.framework/Versions/A/CoreWiFi
0x00000000087aa000 	/System/Library/Frameworks/CoreBluetooth.framework/Versions/A/CoreBluetooth
0x00000000087aa000 	/System/Library/PrivateFrameworks/ChunkingLibrary.framework/Versions/A/ChunkingLibrary
0x00000000087aa000 	/System/Library/PrivateFrameworks/DebugSymbols.framework/Versions/A/DebugSymbols
0x00000000087aa000 	/System/Library/PrivateFrameworks/CoreSymbolication.framework/Versions/A/CoreSymbolication
0x00000000087aa000 	/System/Library/PrivateFrameworks/Symbolication.framework/Versions/A/Symbolication
0x00000000087aa000 	/System/Library/PrivateFrameworks/SpeechRecognitionCore.framework/Versions/A/SpeechRecognitionCore
0x0000000103201000 	/Library/Java/JavaVirtualMachines/jdk1.8.0_40.jdk/Contents/Home/jre/lib/server/libjvm.dylib
0x00000000087aa000 	/usr/lib/libstdc++.6.dylib
0x000000010416f000 	/Library/Java/JavaVirtualMachines/jdk1.8.0_40.jdk/Contents/Home/jre/lib/libverify.dylib
0x000000010417d000 	/Library/Java/JavaVirtualMachines/jdk1.8.0_40.jdk/Contents/Home/jre/lib/libjava.dylib
0x00000001041bb000 	/Library/Java/JavaVirtualMachines/jdk1.8.0_40.jdk/Contents/Home/jre/lib/libzip.dylib
0x000000011a33a000 	/System/Library/Frameworks/JavaVM.framework/Frameworks/JavaRuntimeSupport.framework/JavaRuntimeSupport
0x000000011a355000 	/System/Library/Frameworks/JavaVM.framework/Versions/A/Frameworks/JavaNativeFoundation.framework/Versions/A/JavaNativeFoundation
0x00000001041ed000 	/System/Library/Frameworks/JavaVM.framework/Versions/A/JavaVM
0x00000000087aa000 	/System/Library/Frameworks/Carbon.framework/Versions/A/Carbon
0x000000011a36a000 	/System/Library/PrivateFrameworks/JavaLaunching.framework/Versions/A/JavaLaunching
0x00000000087aa000 	/System/Library/Frameworks/Carbon.framework/Versions/A/Frameworks/CommonPanels.framework/Versions/A/CommonPanels
0x00000000087aa000 	/System/Library/Frameworks/Carbon.framework/Versions/A/Frameworks/Help.framework/Versions/A/Help
0x00000000087aa000 	/System/Library/Frameworks/Carbon.framework/Versions/A/Frameworks/ImageCapture.framework/Versions/A/ImageCapture
0x00000000087aa000 	/System/Library/Frameworks/Carbon.framework/Versions/A/Frameworks/OpenScripting.framework/Versions/A/OpenScripting
0x00000000087aa000 	/System/Library/Frameworks/Carbon.framework/Versions/A/Frameworks/Print.framework/Versions/A/Print
0x00000000087aa000 	/System/Library/Frameworks/Carbon.framework/Versions/A/Frameworks/SecurityHI.framework/Versions/A/SecurityHI
0x000000011c26c000 	/Users/Liran/.swt/lib/macosx/x86_64/libswt-cocoa-4430.jnilib
0x00000000087aa000 	/System/Library/Frameworks/WebKit.framework/Versions/A/WebKit
0x00000000087aa000 	/System/Library/Frameworks/JavaScriptCore.framework/Versions/A/JavaScriptCore
0x00000000087aa000 	/System/Library/Frameworks/SecurityInterface.framework/Versions/A/SecurityInterface
0x00000000087aa000 	/System/Library/Frameworks/WebKit.framework/Versions/A/Frameworks/WebKitLegacy.framework/Versions/A/WebKitLegacy
0x00000000087aa000 	/System/Library/Frameworks/WebKit.framework/Versions/A/Frameworks/WebCore.framework/Versions/A/WebCore
0x000000011c2b9000 	/Users/Liran/.swt/lib/macosx/x86_64/libswt-pi-cocoa-4430.jnilib
0x00000000087aa000 	/System/Library/PrivateFrameworks/CoreServicesInternal.framework/Versions/A/CoreServicesInternal
0x00000000087aa000 	/System/Library/Frameworks/CoreGraphics.framework/Versions/A/Resources/libCGXType.A.dylib
0x00000000087aa000 	/System/Library/Frameworks/Accelerate.framework/Versions/A/Frameworks/vImage.framework/Versions/A/Libraries/libCGInterfaces.dylib
0x00000000087aa000 	/System/Library/CoreServices/RawCamera.bundle/Contents/MacOS/RawCamera
0x00000000087aa000 	/System/Library/Frameworks/CoreGraphics.framework/Versions/A/Resources/libRIP.A.dylib
0x00000000087aa000 	/System/Library/PrivateFrameworks/FamilyControls.framework/Versions/A/FamilyControls
0x00000000087aa000 	/System/Library/PrivateFrameworks/CommerceKit.framework/Versions/A/Frameworks/CommerceCore.framework/Versions/A/CommerceCore
0x00000000087aa000 	/System/Library/PrivateFrameworks/SystemAdministration.framework/Versions/A/SystemAdministration
0x00000000087aa000 	/System/Library/PrivateFrameworks/AppContainer.framework/Versions/A/AppContainer
0x00000000087aa000 	/System/Library/PrivateFrameworks/SecCodeWrapper.framework/Versions/A/SecCodeWrapper
0x00000000087aa000 	/System/Library/Frameworks/DirectoryService.framework/Versions/A/DirectoryService
0x00000000087aa000 	/System/Library/PrivateFrameworks/DiskImages.framework/Versions/A/DiskImages
0x00000000087aa000 	/System/Library/PrivateFrameworks/LoginUIKit.framework/Versions/A/Frameworks/LoginUICore.framework/Versions/A/LoginUICore
0x00000000087aa000 	/usr/lib/libCoreStorage.dylib
0x00000000087aa000 	/usr/lib/libcsfde.dylib
0x00000000087aa000 	/usr/lib/libodfde.dylib
0x00000000087aa000 	/System/Library/Frameworks/DiscRecording.framework/Versions/A/DiscRecording
0x00000000087aa000 	/usr/lib/libcurl.4.dylib
0x00000000087aa000 	/System/Library/PrivateFrameworks/MediaKit.framework/Versions/A/MediaKit
0x00000000087aa000 	/System/Library/PrivateFrameworks/ProtectedCloudStorage.framework/Versions/A/ProtectedCloudStorage
0x00000000087aa000 	/System/Library/PrivateFrameworks/EFILogin.framework/Versions/A/EFILogin
0x00000000087aa000 	/usr/lib/libutil.dylib
0x00000000087aa000 	/System/Library/PrivateFrameworks/FindMyDevice.framework/Versions/A/FindMyDevice
0x00000000087aa000 	/System/Library/Frameworks/LDAP.framework/Versions/A/LDAP
0x00000000087aa000 	/usr/lib/libsasl2.2.dylib
0x00000000087aa000 	/System/Library/PrivateFrameworks/CoreDaemon.framework/Versions/B/CoreDaemon
0x00000000087aa000 	/usr/lib/libcrypto.0.9.8.dylib
0x00000000087aa000 	/System/Library/PrivateFrameworks/AppleSRP.framework/Versions/A/AppleSRP
0x00000000087aa000 	/System/Library/PrivateFrameworks/TrustEvaluationAgent.framework/Versions/A/TrustEvaluationAgent
0x00000000087aa000 	/System/Library/Frameworks/OpenCL.framework/Versions/A/Libraries/libcldcpuengine.dylib
0x000000011c165000 	cl_kernels
0x00000000087aa000 	/System/Library/Frameworks/OpenCL.framework/Versions/A/Libraries/ImageFormats/unorm8_bgra.dylib
0x00000000087aa000 	/System/Library/Frameworks/OpenCL.framework/Versions/A/Libraries/ImageFormats/unorm8_rgba.dylib
0x00000000087aa000 	/System/Library/PrivateFrameworks/CloudDocs.framework/Versions/A/CloudDocs
0x00000000087aa000 	/System/Library/PrivateFrameworks/CoreDuet.framework/Versions/A/CoreDuet
0x00000000087aa000 	/System/Library/Frameworks/CloudKit.framework/Versions/A/CloudKit
0x00000000087aa000 	/System/Library/PrivateFrameworks/ProtocolBuffer.framework/Versions/A/ProtocolBuffer
0x00000000087aa000 	/System/Library/PrivateFrameworks/CoreDuetDaemonProtocol.framework/Versions/A/CoreDuetDaemonProtocol
0x00000000087aa000 	/System/Library/PrivateFrameworks/CoreDuetDebugLogging.framework/Versions/A/CoreDuetDebugLogging
0x00000000087aa000 	/System/Library/Frameworks/Contacts.framework/Versions/A/Contacts
0x00000000087aa000 	/System/Library/PrivateFrameworks/MMCS.framework/Versions/A/MMCS
0x00000000087aa000 	/System/Library/Frameworks/CoreLocation.framework/Versions/A/CoreLocation
0x00000000087aa000 	/System/Library/PrivateFrameworks/ContactsPersistence.framework/Versions/A/ContactsPersistence
0x00000000087aa000 	/System/Library/Frameworks/AddressBook.framework/Versions/A/AddressBook
0x00000000087aa000 	/System/Library/PrivateFrameworks/PhoneNumbers.framework/Versions/A/PhoneNumbers
0x00000000087aa000 	/System/Library/PrivateFrameworks/IntlPreferences.framework/Versions/A/IntlPreferences
0x00000000087aa000 	/System/Library/PrivateFrameworks/vCard.framework/Versions/A/vCard
0x00000000087aa000 	/System/Library/Frameworks/Accounts.framework/Versions/A/Accounts
0x00000000087aa000 	/System/Library/PrivateFrameworks/ContactsFoundation.framework/Versions/A/ContactsFoundation
0x00000000087aa000 	/System/Library/PrivateFrameworks/ToneLibrary.framework/Versions/A/ToneLibrary
0x00000000087aa000 	/System/Library/PrivateFrameworks/ToneKit.framework/Versions/A/ToneKit
0x00000000087aa000 	/System/Library/PrivateFrameworks/ApplePushService.framework/Versions/A/ApplePushService
0x00000000087aa000 	/System/Library/PrivateFrameworks/ViewBridge.framework/Versions/A/ViewBridge
0x00000000087aa000 	/System/Library/Frameworks/Quartz.framework/Versions/A/Quartz
0x00000000087aa000 	/System/Library/Frameworks/AVFoundation.framework/Versions/A/AVFoundation
0x00000000087aa000 	/System/Library/Frameworks/AVFoundation.framework/Versions/A/Resources/libAVFAudio.dylib
0x00000000087aa000 	/System/Library/Frameworks/CoreMedia.framework/Versions/A/CoreMedia
0x00000000087aa000 	/System/Library/Frameworks/MediaToolbox.framework/Versions/A/MediaToolbox
0x00000000087aa000 	/System/Library/Frameworks/VideoToolbox.framework/Versions/A/VideoToolbox
0x00000000087aa000 	/System/Library/Frameworks/CoreMediaIO.framework/Versions/A/CoreMediaIO
0x00000000087aa000 	/usr/lib/libspindump.dylib
0x00000000087aa000 	/System/Library/PrivateFrameworks/CoreAVCHD.framework/Versions/A/CoreAVCHD
0x00000000087aa000 	/System/Library/Frameworks/MediaAccessibility.framework/Versions/A/MediaAccessibility
0x00000000087aa000 	/System/Library/PrivateFrameworks/Mangrove.framework/Versions/A/Mangrove
0x00000000087aa000 	/System/Library/PrivateFrameworks/CoreAUC.framework/Versions/A/CoreAUC
0x00000000087aa000 	/System/Library/PrivateFrameworks/AppleVA.framework/Versions/A/AppleVA
0x00000000087aa000 	/System/Library/PrivateFrameworks/XPCService.framework/Versions/A/XPCService
0x00000000087aa000 	/System/Library/PrivateFrameworks/AppSandbox.framework/Versions/A/AppSandbox
0x00000000087aa000 	/usr/lib/libsandbox.1.dylib
0x00000000087aa000 	/usr/lib/libMatch.1.dylib
0x00000000087aa000 	/System/Library/Frameworks/Quartz.framework/Versions/A/Frameworks/QuartzComposer.framework/Versions/A/QuartzComposer
0x00000000087aa000 	/System/Library/Frameworks/Quartz.framework/Versions/A/Frameworks/PDFKit.framework/Versions/A/PDFKit
0x00000000087aa000 	/System/Library/Frameworks/Quartz.framework/Versions/A/Frameworks/QuartzFilters.framework/Versions/A/QuartzFilters
0x00000000087aa000 	/System/Library/Frameworks/Quartz.framework/Versions/A/Frameworks/ImageKit.framework/Versions/A/ImageKit
0x00000000087aa000 	/System/Library/Frameworks/Quartz.framework/Versions/A/Frameworks/QuickLookUI.framework/Versions/A/QuickLookUI
0x00000000087aa000 	/System/Library/Frameworks/QTKit.framework/Versions/A/QTKit
0x00000000087aa000 	/System/Library/PrivateFrameworks/AppleSystemInfo.framework/Versions/A/AppleSystemInfo
0x00000000087aa000 	/System/Library/PrivateFrameworks/CoreMediaAuthoring.framework/Versions/A/CoreMediaAuthoring
0x00000000087aa000 	/System/Library/PrivateFrameworks/CorePDF.framework/Versions/A/CorePDF
0x00000000087aa000 	/System/Library/Frameworks/QuickLook.framework/Versions/A/QuickLook
0x00000000087aa000 	/System/Library/PrivateFrameworks/DisplayServices.framework/Versions/A/DisplayServices
0x00000000087aa000 	/System/Library/Frameworks/ImageCaptureCore.framework/Versions/A/ImageCaptureCore
0x00000000087aa000 	/System/Library/PrivateFrameworks/SafariServices.framework/Versions/A/SafariServices
0x00000000087aa000 	/System/Library/PrivateFrameworks/OAuth.framework/Versions/A/OAuth
0x00000000087aa000 	/System/Library/PrivateFrameworks/AssetCacheServices.framework/Versions/A/AssetCacheServices
0x00000000087aa000 	/System/Library/PrivateFrameworks/GeoServices.framework/Versions/A/GeoServices
0x00000000087aa000 	/System/Library/PrivateFrameworks/FinderKit.framework/Versions/A/FinderKit
0x00000000087aa000 	/System/Library/PrivateFrameworks/Bom.framework/Versions/A/Bom
0x00000000087aa000 	/System/Library/PrivateFrameworks/Suggestions.framework/Versions/A/Suggestions
0x00000000087aa000 	/System/Library/PrivateFrameworks/AppleFSCompression.framework/Versions/A/AppleFSCompression
0x00000000087aa000 	/System/Library/PrivateFrameworks/PlugInKit.framework/Versions/A/PlugInKit
0x00000000087aa000 	/System/Library/PrivateFrameworks/CacheDelete.framework/Versions/A/CacheDelete
0x00000000087aa000 	/System/Library/PrivateFrameworks/iLifeMediaBrowser.framework/Versions/A/iLifeMediaBrowser
0x00000000087aa000 	/System/Library/Frameworks/AVKit.framework/Versions/A/AVKit
0x000000012bf1f000 	/System/Library/Extensions/AppleIntelHD5000GraphicsMTLDriver.bundle/Contents/MacOS/AppleIntelHD5000GraphicsMTLDriver
0x00000000087aa000 	/System/Library/Frameworks/OpenGL.framework/Versions/A/Resources/GLEngine.bundle/GLEngine
0x00000000087aa000 	/System/Library/Frameworks/OpenGL.framework/Versions/A/Libraries/libGLProgrammability.dylib
0x000000012bff5000 	/System/Library/Extensions/AppleIntelHD5000GraphicsGLDriver.bundle/Contents/MacOS/AppleIntelHD5000GraphicsGLDriver
0x00000000087aa000 	/System/Library/PrivateFrameworks/GPUSupport.framework/Versions/A/Libraries/libGPUSupportMercury.dylib
0x00000000087aa000 	/System/Library/Frameworks/OpenGL.framework/Versions/A/Resources/GLRendererFloat.bundle/GLRendererFloat
0x000000012cb91000 	/System/Library/Frameworks/Security.framework/PlugIns/csparser.bundle/Contents/MacOS/csparser

VM Arguments:
jvm_args: -Dfile.encoding=UTF-8 
java_command: boot.Run
java_class_path (initial): /Users/Liran/Documents/lesson1/mvp/bin:/Users/Liran/מדעי המחשב/eclipse/plugins/org.eclipse.swt.cocoa.macosx.x86_64_3.103.2.v20150203-1351.jar:/Users/Liran/Documents/dev/myAlgorithmsV0.6.jar
Launcher Type: SUN_STANDARD

Environment Variables:
PATH=/usr/bin:/bin:/usr/sbin:/sbin
SHELL=/bin/bash

Signal Handlers:
SIGSEGV: [libjvm.dylib+0x58ef95], sa_mask[0]=11111111011111110111111111111111, sa_flags=SA_ONSTACK|SA_RESTART|SA_SIGINFO
SIGBUS: [libjvm.dylib+0x58ef95], sa_mask[0]=11111111011111110111111111111111, sa_flags=SA_RESTART|SA_SIGINFO
SIGFPE: [libjvm.dylib+0x46c118], sa_mask[0]=11111111011111110111111111111111, sa_flags=SA_RESTART|SA_SIGINFO
SIGPIPE: [libjvm.dylib+0x46c118], sa_mask[0]=11111111011111110111111111111111, sa_flags=SA_RESTART|SA_SIGINFO
SIGXFSZ: [libjvm.dylib+0x46c118], sa_mask[0]=11111111011111110111111111111111, sa_flags=SA_RESTART|SA_SIGINFO
SIGILL: [libjvm.dylib+0x46c118], sa_mask[0]=11111111011111110111111111111111, sa_flags=SA_RESTART|SA_SIGINFO
SIGUSR1: SIG_DFL, sa_mask[0]=00000000000000000000000000000000, sa_flags=none
SIGUSR2: [libjvm.dylib+0x46bc36], sa_mask[0]=00100000000000000000000000000000, sa_flags=SA_RESTART|SA_SIGINFO
SIGHUP: [libjvm.dylib+0x46a209], sa_mask[0]=11111111011111110111111111111111, sa_flags=SA_RESTART|SA_SIGINFO
SIGINT: [libjvm.dylib+0x46a209], sa_mask[0]=11111111011111110111111111111111, sa_flags=SA_RESTART|SA_SIGINFO
SIGTERM: [libjvm.dylib+0x46a209], sa_mask[0]=11111111011111110111111111111111, sa_flags=SA_RESTART|SA_SIGINFO
SIGQUIT: [libjvm.dylib+0x46a209], sa_mask[0]=11111111011111110111111111111111, sa_flags=SA_RESTART|SA_SIGINFO


---------------  S Y S T E M  ---------------

OS:Bsduname:Darwin 15.0.0 Darwin Kernel Version 15.0.0: Sat Sep 19 15:53:46 PDT 2015; root:xnu-3247.10.11~1/RELEASE_X86_64 x86_64
rlimit: STACK 8192k, CORE 0k, NPROC 709, NOFILE 10240, AS infinity
load average:2.22 2.06 1.90

CPU:total 4 (2 cores per cpu, 2 threads per core) family 6 model 69 stepping 1, cmov, cx8, fxsr, mmx, sse, sse2, sse3, ssse3, sse4.1, sse4.2, popcnt, avx, avx2, aes, clmul, erms, lzcnt, ht, tsc, tscinvbit, bmi1, bmi2

Memory: 4k page, physical 8388608k(54864k free)

/proc/meminfo:


vm_info: Java HotSpot(TM) 64-Bit Server VM (25.40-b25) for bsd-amd64 JRE (1.8.0_40-b27), built on Mar 13 2015 04:46:52 by "java_re" with gcc 4.2.1 (Based on Apple Inc. build 5658) (LLVM build 2336.11.00)

time: Wed Jan 13 17:18:18 2016
elapsed time: 13 seconds (0d 0h 0m 13s)

